2025-09-04 10:53:51,929 - INFO - Caricamento modello AI per correzione testo...
2025-09-04 10:53:57,225 - INFO - Modello AI caricato con successo
2025-09-04 10:53:57,225 - INFO - Iniziando elaborazione volantino con AI...
2025-09-04 10:53:57,225 - INFO - Scaricando PDF da: https://www.topsupermercati.it/volantino.pdf
2025-09-04 10:53:59,849 - INFO - PDF scaricato: temp/volantino.pdf
2025-09-04 10:53:59,852 - INFO - Convertendo PDF in immagini...
2025-09-04 10:59:55,823 - INFO - Convertite 20 pagine
2025-09-04 10:59:56,008 - INFO - Elaborando pagina 1...
2025-09-04 11:00:42,129 - INFO - Pagina 1: estratti 2 prodotti
2025-09-04 11:00:42,130 - INFO - Elaborando pagina 2...
2025-09-04 11:02:18,869 - INFO - Pagina 2: estratti 1 prodotti
2025-09-04 11:02:18,870 - INFO - Elaborando pagina 3...
2025-09-04 11:03:40,759 - INFO - Pagina 3: estratti 6 prodotti
2025-09-04 11:03:40,761 - INFO - Elaborando pagina 4...
2025-09-04 11:05:19,889 - INFO - Pagina 4: estratti 2 prodotti
2025-09-04 11:05:19,890 - INFO - Elaborando pagina 5...
2025-09-04 11:07:24,930 - INFO - Pagina 5: estratti 1 prodotti
2025-09-04 11:07:24,933 - INFO - Elaborando pagina 6...
2025-09-04 11:08:29,273 - INFO - Pagina 6: estratti 1 prodotti
2025-09-04 11:08:29,274 - INFO - Elaborando pagina 7...
2025-09-04 11:10:31,760 - INFO - Pagina 7: estratti 4 prodotti
2025-09-04 11:10:31,762 - INFO - Elaborando pagina 8...
2025-09-04 11:12:22,260 - INFO - Pagina 8: estratti 10 prodotti
2025-09-04 11:12:22,262 - INFO - Elaborando pagina 9...
2025-09-04 11:13:49,973 - INFO - Pagina 9: estratti 3 prodotti
2025-09-04 11:13:49,975 - INFO - Elaborando pagina 10...
2025-09-04 11:15:18,698 - INFO - Pagina 10: estratti 13 prodotti
2025-09-04 11:15:18,700 - INFO - Elaborando pagina 11...
2025-09-04 11:16:47,431 - INFO - Pagina 11: estratti 13 prodotti
2025-09-04 11:16:47,432 - INFO - Elaborando pagina 12...
2025-09-04 11:18:15,990 - INFO - Pagina 12: estratti 9 prodotti
2025-09-04 11:18:15,992 - INFO - Elaborando pagina 13...
2025-09-04 11:20:02,704 - INFO - Pagina 13: estratti 6 prodotti
2025-09-04 11:20:02,706 - INFO - Elaborando pagina 14...
2025-09-04 11:21:17,054 - INFO - Pagina 14: estratti 7 prodotti
2025-09-04 11:21:17,056 - INFO - Elaborando pagina 15...
