2025-09-04 10:33:40,762 - INFO - Modello Hugging Face caricato
2025-09-04 10:33:40,812 - INFO - Iniziando elaborazione finale del volantino...
2025-09-04 10:33:40,812 - INFO - Scaricando PDF da: https://www.topsupermercati.it/volantino.pdf
2025-09-04 10:33:42,247 - INFO - PDF scaricato: temp/volantino.pdf
2025-09-04 10:33:42,250 - INFO - Convertendo PDF in immagini...
2025-09-04 10:39:44,523 - INFO - Convertite 20 pagine
2025-09-04 10:39:44,723 - INFO - Elaborando pagina 1...
2025-09-04 10:39:50,070 - INFO - Pagina 1: trovati 0 prodotti
2025-09-04 10:39:50,071 - INFO - Elaborando pagina 2...
2025-09-04 10:39:56,396 - INFO - Pagina 2: trovati 0 prodotti
2025-09-04 10:39:56,397 - INFO - Elaborando pagina 3...
2025-09-04 10:40:04,317 - INFO - Pagina 3: trovati 0 prodotti
2025-09-04 10:40:04,317 - INFO - Elaborando pagina 4...
2025-09-04 10:40:09,174 - INFO - Pagina 4: trovati 0 prodotti
2025-09-04 10:40:09,174 - INFO - Elaborando pagina 5...
2025-09-04 10:40:17,993 - INFO - Pagina 5: trovati 0 prodotti
2025-09-04 10:40:17,994 - INFO - Elaborando pagina 6...
2025-09-04 10:40:21,616 - INFO - Pagina 6: trovati 0 prodotti
2025-09-04 10:40:21,616 - INFO - Elaborando pagina 7...
2025-09-04 10:40:29,076 - INFO - Pagina 7: trovati 0 prodotti
2025-09-04 10:40:29,076 - INFO - Elaborando pagina 8...
2025-09-04 10:40:39,553 - INFO - Pagina 8: trovati 0 prodotti
2025-09-04 10:40:39,554 - INFO - Elaborando pagina 9...
2025-09-04 10:40:47,062 - INFO - Pagina 9: trovati 0 prodotti
2025-09-04 10:40:47,063 - INFO - Elaborando pagina 10...
2025-09-04 10:40:57,159 - INFO - Pagina 10: trovati 0 prodotti
2025-09-04 10:40:57,159 - INFO - Elaborando pagina 11...
2025-09-04 10:41:06,459 - INFO - Pagina 11: trovati 0 prodotti
2025-09-04 10:41:06,460 - INFO - Elaborando pagina 12...
2025-09-04 10:41:16,810 - INFO - Pagina 12: trovati 0 prodotti
2025-09-04 10:41:16,810 - INFO - Elaborando pagina 13...
2025-09-04 10:41:27,274 - INFO - Pagina 13: trovati 0 prodotti
2025-09-04 10:41:27,274 - INFO - Elaborando pagina 14...
2025-09-04 10:41:34,169 - INFO - Pagina 14: trovati 0 prodotti
2025-09-04 10:41:34,169 - INFO - Elaborando pagina 15...
2025-09-04 10:41:42,198 - INFO - Pagina 15: trovati 0 prodotti
2025-09-04 10:41:42,198 - INFO - Elaborando pagina 16...
2025-09-04 10:41:50,671 - INFO - Pagina 16: trovati 0 prodotti
2025-09-04 10:41:50,671 - INFO - Elaborando pagina 17...
2025-09-04 10:41:58,197 - INFO - Pagina 17: trovati 0 prodotti
2025-09-04 10:41:58,198 - INFO - Elaborando pagina 18...
2025-09-04 10:42:06,308 - INFO - Pagina 18: trovati 0 prodotti
2025-09-04 10:42:06,309 - INFO - Elaborando pagina 19...
2025-09-04 10:42:15,351 - INFO - Pagina 19: trovati 0 prodotti
2025-09-04 10:42:15,351 - INFO - Elaborando pagina 20...
2025-09-04 10:42:22,027 - INFO - Pagina 20: trovati 0 prodotti
2025-09-04 10:42:22,028 - INFO - Prodotti salvati in: output/prodotti_finali.json
2025-09-04 10:42:22,028 - INFO - Elaborazione finale completata! Estratti 0 prodotti
