2025-09-04 10:02:06,738 - INFO - Caricamento modelli Hugging Face...
2025-09-04 10:03:09,797 - INFO - Modelli caricati con successo
2025-09-04 10:03:09,799 - INFO - Iniziando elaborazione volantino migliorata...
2025-09-04 10:03:09,799 - INFO - Scaricando PDF da: https://www.topsupermercati.it/volantino.pdf
2025-09-04 10:03:10,840 - INFO - PDF scaricato: temp/volantino.pdf
2025-09-04 10:03:10,843 - INFO - Convertendo PDF in immagini...
2025-09-04 10:09:26,809 - INFO - Convertite 20 pagine
2025-09-04 10:09:27,015 - INFO - Elaborando pagina 1...
2025-09-04 10:10:07,783 - INFO - Pagina 1: trovati 3 prodotti
2025-09-04 10:10:07,786 - INFO - Elaborando pagina 2...
2025-09-04 10:10:26,126 - INFO - Pagina 2: trovati 4 prodotti
2025-09-04 10:10:26,127 - INFO - Elaborando pagina 3...
2025-09-04 10:10:51,674 - INFO - Pagina 3: trovati 7 prodotti
2025-09-04 10:10:51,675 - INFO - Elaborando pagina 4...
2025-09-04 10:11:20,247 - INFO - Pagina 4: trovati 6 prodotti
2025-09-04 10:11:20,248 - INFO - Elaborando pagina 5...
2025-09-04 10:11:33,266 - INFO - Pagina 5: trovati 1 prodotti
2025-09-04 10:11:33,267 - INFO - Elaborando pagina 6...
2025-09-04 10:11:47,554 - INFO - Pagina 6: trovati 2 prodotti
2025-09-04 10:11:47,555 - INFO - Elaborando pagina 7...
2025-09-04 10:12:03,426 - INFO - Pagina 7: trovati 2 prodotti
2025-09-04 10:12:03,428 - INFO - Elaborando pagina 8...
2025-09-04 10:12:46,683 - INFO - Pagina 8: trovati 11 prodotti
2025-09-04 10:12:46,685 - INFO - Elaborando pagina 9...
2025-09-04 10:13:04,310 - INFO - Pagina 9: trovati 3 prodotti
2025-09-04 10:13:04,311 - INFO - Elaborando pagina 10...
2025-09-04 10:13:39,002 - INFO - Pagina 10: trovati 9 prodotti
2025-09-04 10:13:39,004 - INFO - Elaborando pagina 11...
2025-09-04 10:14:21,505 - INFO - Pagina 11: trovati 12 prodotti
2025-09-04 10:14:21,507 - INFO - Elaborando pagina 12...
2025-09-04 10:14:47,598 - INFO - Pagina 12: trovati 6 prodotti
2025-09-04 10:14:47,600 - INFO - Elaborando pagina 13...
2025-09-04 10:15:23,599 - INFO - Pagina 13: trovati 8 prodotti
2025-09-04 10:15:23,600 - INFO - Elaborando pagina 14...
2025-09-04 10:15:49,209 - INFO - Pagina 14: trovati 7 prodotti
2025-09-04 10:15:49,210 - INFO - Elaborando pagina 15...
2025-09-04 10:16:26,147 - INFO - Pagina 15: trovati 12 prodotti
2025-09-04 10:16:26,148 - INFO - Elaborando pagina 16...
2025-09-04 10:16:53,210 - INFO - Pagina 16: trovati 8 prodotti
2025-09-04 10:16:53,211 - INFO - Elaborando pagina 17...
2025-09-04 10:17:44,602 - INFO - Pagina 17: trovati 13 prodotti
2025-09-04 10:17:44,604 - INFO - Elaborando pagina 18...
2025-09-04 10:18:22,777 - INFO - Pagina 18: trovati 12 prodotti
2025-09-04 10:18:22,779 - INFO - Elaborando pagina 19...
2025-09-04 10:18:59,096 - INFO - Pagina 19: trovati 11 prodotti
2025-09-04 10:18:59,097 - INFO - Elaborando pagina 20...
2025-09-04 10:19:42,078 - INFO - Pagina 20: trovati 11 prodotti
2025-09-04 10:19:44,544 - INFO - Prodotti salvati in: output/prodotti_migliorati.json
2025-09-04 10:19:44,547 - INFO - Elaborazione completata! Estratti 148 prodotti
