2025-09-04 10:21:28,947 - INFO - Iniziando elaborazione volantino ottimizzata...
2025-09-04 10:21:28,947 - INFO - Scaricando PDF da: https://www.topsupermercati.it/volantino.pdf
2025-09-04 10:21:30,010 - INFO - PDF scaricato: temp/volantino.pdf
2025-09-04 10:21:30,016 - INFO - Convertendo PDF in immagini...
2025-09-04 10:27:26,476 - INFO - Convertite 20 pagine
2025-09-04 10:27:26,660 - INFO - Elaborando pagina 1...
2025-09-04 10:27:31,064 - INFO - Pagina 1: trovati 1 prodotti
2025-09-04 10:27:31,069 - INFO - Elaborando pagina 2...
2025-09-04 10:27:40,904 - INFO - Pagina 2: trovati 1 prodotti
2025-09-04 10:27:40,906 - INFO - Elaborando pagina 3...
2025-09-04 10:27:49,654 - INFO - Pagina 3: trovati 4 prodotti
2025-09-04 10:27:49,657 - INFO - Elaborando pagina 4...
2025-09-04 10:27:59,573 - INFO - Pagina 4: trovati 0 prodotti
2025-09-04 10:27:59,574 - INFO - Elaborando pagina 5...
2025-09-04 10:28:14,353 - INFO - Pagina 5: trovati 0 prodotti
2025-09-04 10:28:14,355 - INFO - Elaborando pagina 6...
2025-09-04 10:28:20,028 - INFO - Pagina 6: trovati 4 prodotti
2025-09-04 10:28:20,028 - INFO - Elaborando pagina 7...
2025-09-04 10:28:30,517 - INFO - Pagina 7: trovati 1 prodotti
2025-09-04 10:28:30,520 - INFO - Elaborando pagina 8...
2025-09-04 10:28:41,213 - INFO - Pagina 8: trovati 4 prodotti
2025-09-04 10:28:41,215 - INFO - Elaborando pagina 9...
2025-09-04 10:28:47,937 - INFO - Pagina 9: trovati 3 prodotti
2025-09-04 10:28:47,937 - INFO - Elaborando pagina 10...
2025-09-04 10:28:57,191 - INFO - Pagina 10: trovati 7 prodotti
2025-09-04 10:28:57,194 - INFO - Elaborando pagina 11...
2025-09-04 10:29:07,573 - INFO - Pagina 11: trovati 3 prodotti
2025-09-04 10:29:07,575 - INFO - Elaborando pagina 12...
2025-09-04 10:29:16,851 - INFO - Pagina 12: trovati 4 prodotti
2025-09-04 10:29:16,851 - INFO - Elaborando pagina 13...
2025-09-04 10:29:26,160 - INFO - Pagina 13: trovati 5 prodotti
2025-09-04 10:29:26,161 - INFO - Elaborando pagina 14...
2025-09-04 10:29:33,802 - INFO - Pagina 14: trovati 4 prodotti
2025-09-04 10:29:33,803 - INFO - Elaborando pagina 15...
2025-09-04 10:29:42,729 - INFO - Pagina 15: trovati 2 prodotti
2025-09-04 10:29:42,729 - INFO - Elaborando pagina 16...
2025-09-04 10:29:51,770 - INFO - Pagina 16: trovati 3 prodotti
2025-09-04 10:29:51,771 - INFO - Elaborando pagina 17...
2025-09-04 10:30:00,101 - INFO - Pagina 17: trovati 6 prodotti
2025-09-04 10:30:00,103 - INFO - Elaborando pagina 18...
2025-09-04 10:30:06,911 - INFO - Pagina 18: trovati 5 prodotti
2025-09-04 10:30:06,914 - INFO - Elaborando pagina 19...
2025-09-04 10:30:16,748 - INFO - Pagina 19: trovati 8 prodotti
2025-09-04 10:30:16,748 - INFO - Elaborando pagina 20...
2025-09-04 10:30:22,688 - INFO - Pagina 20: trovati 6 prodotti
2025-09-04 10:30:22,746 - INFO - Prodotti salvati in: output/prodotti_ottimizzati.json
2025-09-04 10:30:22,746 - INFO - Elaborazione completata! Estratti 71 prodotti unici
2025-09-04 10:43:14,450 - INFO - Iniziando elaborazione volantino ottimizzata...
2025-09-04 10:43:14,450 - INFO - Scaricando PDF da: https://www.topsupermercati.it/volantino.pdf
2025-09-04 10:43:15,443 - INFO - PDF scaricato: temp/volantino.pdf
2025-09-04 10:43:15,446 - INFO - Convertendo PDF in immagini...
